Using pre-set license
Built from '2020.3/staging' branch; Version is '2020.3.11f1 (99c7afb366b3) revision 10078127'; Using compiler version '192528614'; Build Type 'Release'
OS: 'Windows 10 Home Single Language; OS build 19041.1052; Version 2004; 64bit' Language: 'pt' Physical Memory: 8075 MB
BatchMode: 1, IsHumanControllingUs: 0, StartBugReporterOnCrash: 0, Is64bit: 1, IsPro: 0

 COMMAND LINE ARGUMENTS:
D:\Unity\2020.3.11f1\Editor\Unity.exe
-adb2
-batchMode
-noUpm
-name
AssetImportWorker0
-projectPath
D:/JogoDaVelha/TCPJogoDaVelha/TCPGame
-logFile
Logs/AssetImportWorker0.log
-srvPort
60832
Successfully changed project path to: D:/JogoDaVelha/TCPJogoDaVelha/TCPGame
D:/JogoDaVelha/TCPJogoDaVelha/TCPGame
Using Asset Import Pipeline V2.
Refreshing native plugins compatible for Editor in 51.96 ms, found 2 plugins.
Preloading 0 native plugins for Editor in 0.00 ms.
Initialize engine version: 2020.3.11f1 (99c7afb366b3)
[Subsystems] Discovering subsystems at path D:/Unity/2020.3.11f1/Editor/Data/Resources/UnitySubsystems
[Subsystems] Discovering subsystems at path D:/JogoDaVelha/TCPJogoDaVelha/TCPGame/Assets
GfxDevice: creating device client; threaded=0
Direct3D:
    Version:  Direct3D 11.0 [level 11.1]
    Renderer: NVIDIA GeForce GTX 1050 (ID=0x1c8d)
    Vendor:   
    VRAM:     4019 MB
    Driver:   26.21.14.4166
Initialize mono
Mono path[0] = 'D:/Unity/2020.3.11f1/Editor/Data/Managed'
Mono path[1] = 'D:/Unity/2020.3.11f1/Editor/Data/MonoBleedingEdge/lib/mono/unityjit'
Mono config path = 'D:/Unity/2020.3.11f1/Editor/Data/MonoBleedingEdge/etc'
Using monoOptions --debugger-agent=transport=dt_socket,embedding=1,server=y,suspend=n,address=127.0.0.1:56484
Begin MonoManager ReloadAssembly
Registering precompiled unity dll's ...
Register platform support module: D:/Unity/2020.3.11f1/Editor/Data/PlaybackEngines/WebGLSupport/UnityEditor.WebGL.Extensions.dll
Register platform support module: D:/Unity/2020.3.11f1/Editor/Data/PlaybackEngines/WindowsStandaloneSupport/UnityEditor.WindowsStandalone.Extensions.dll
Register platform support module: D:/Unity/2020.3.11f1/Editor/Data/PlaybackEngines/LinuxStandaloneSupport/UnityEditor.LinuxStandalone.Extensions.dll
Registered in 0.001458 seconds.
Native extension for LinuxStandalone target not found
Native extension for WindowsStandalone target not found
Native extension for WebGL target not found
Refreshing native plugins compatible for Editor in 48.13 ms, found 2 plugins.
Preloading 0 native plugins for Editor in 0.00 ms.
Mono: successfully reloaded assembly
- Completed reload, in  1.582 seconds
Platform modules already initialized, skipping
Registering precompiled user dll's ...
Registered in 0.003359 seconds.
Begin MonoManager ReloadAssembly
Native extension for LinuxStandalone target not found
Native extension for WindowsStandalone target not found
Native extension for WebGL target not found
Refreshing native plugins compatible for Editor in 48.47 ms, found 2 plugins.
Preloading 0 native plugins for Editor in 0.00 ms.
Mono: successfully reloaded assembly
- Completed reload, in  1.285 seconds
Platform modules already initialized, skipping
========================================================================
Worker process is ready to serve import requests
Shader 'Universal Render Pipeline/Particles/Lit': fallback shader 'Universal Render Pipeline/Particles/SimpleLit' not found
Shader 'Universal Render Pipeline/Particles/Lit': fallback shader 'Universal Render Pipeline/Particles/SimpleLit' not found
Launched and connected shader compiler UnityShaderCompiler.exe after 0.88 seconds
Refreshing native plugins compatible for Editor in 0.69 ms, found 2 plugins.
Preloading 0 native plugins for Editor in 0.00 ms.
Unloading 2896 Unused Serialized files (Serialized files now loaded: 0)
System memory in use before: 130.3 MB.
System memory in use after: 127.5 MB.

Unloading 55 unused Assets to reduce memory usage. Loaded Objects now: 3296.
Total: 4.369600 ms (FindLiveObjects: 0.325500 ms CreateObjectMapping: 0.136700 ms MarkObjects: 2.376500 ms  DeleteObjects: 1.530000 ms)

========================================================================
Received Import Request.
  path: Assets/Scripts/SimpleCameraController.cs
  artifactKey: Guid(be76e5f14cfee674cb30b491fb72b09b) Importer(815301076,1909f56bfc062723c751e8b465ee728b)
Start importing Assets/Scripts/SimpleCameraController.cs using Guid(be76e5f14cfee674cb30b491fb72b09b) Importer(815301076,1909f56bfc062723c751e8b465ee728b)  -> (artifact id: '22f43657664d19fbc476a42e0fad91a9') in 0.252954 seconds
  Import took 0.321561 seconds .

========================================================================
Received Import Request.
  Time since last request: 40.408496 seconds.
  path: Assets/Scripts
  artifactKey: Guid(02a3527b6b33a924e8ec66aa805ea717) Importer(815301076,1909f56bfc062723c751e8b465ee728b)
Start importing Assets/Scripts using Guid(02a3527b6b33a924e8ec66aa805ea717) Importer(815301076,1909f56bfc062723c751e8b465ee728b)  -> (artifact id: 'f0a913a0049096cde5d6a727232f232f') in 0.007379 seconds
  Import took 0.055259 seconds .

========================================================================
Received Import Request.
  Time since last request: 8.540566 seconds.
  path: Assets/Scripts/NewBehaviourScript.cs
  artifactKey: Guid(3b41cf62aa0085d49b07c03241491aa0) Importer(815301076,1909f56bfc062723c751e8b465ee728b)
Start importing Assets/Scripts/NewBehaviourScript.cs using Guid(3b41cf62aa0085d49b07c03241491aa0) Importer(815301076,1909f56bfc062723c751e8b465ee728b)  -> (artifact id: '114f4624c629201d50b1246a3cfa2f52') in 0.007877 seconds
  Import took 0.055998 seconds .

========================================================================
Received Import Request.
  Time since last request: 5.899118 seconds.
  path: Assets/Scripts/UI
  artifactKey: Guid(46d48fa3448f1404382140e04135d9c4) Importer(815301076,1909f56bfc062723c751e8b465ee728b)
Start importing Assets/Scripts/UI using Guid(46d48fa3448f1404382140e04135d9c4) Importer(815301076,1909f56bfc062723c751e8b465ee728b)  -> (artifact id: '75cc8c3f48b007f258d336c6f9342b1c') in 0.068782 seconds
  Import took 0.138944 seconds .

========================================================================
Received Prepare
Registering precompiled user dll's ...
Registered in 0.003273 seconds.
Begin MonoManager ReloadAssembly
Native extension for LinuxStandalone target not found
Native extension for WindowsStandalone target not found
Native extension for WebGL target not found
Refreshing native plugins compatible for Editor in 0.55 ms, found 2 plugins.
Preloading 0 native plugins for Editor in 0.00 ms.
Mono: successfully reloaded assembly
- Completed reload, in  1.150 seconds
Platform modules already initialized, skipping
Shader 'Universal Render Pipeline/Particles/Lit': fallback shader 'Universal Render Pipeline/Particles/SimpleLit' not found
Shader 'Universal Render Pipeline/Particles/Lit': fallback shader 'Universal Render Pipeline/Particles/SimpleLit' not found
Refreshing native plugins compatible for Editor in 0.53 ms, found 2 plugins.
Preloading 0 native plugins for Editor in 0.00 ms.
Unloading 2807 Unused Serialized files (Serialized files now loaded: 0)
System memory in use before: 125.3 MB.
System memory in use after: 122.5 MB.

Unloading 50 unused Assets to reduce memory usage. Loaded Objects now: 3300.
Total: 4.490000 ms (FindLiveObjects: 0.380600 ms CreateObjectMapping: 0.109500 ms MarkObjects: 2.415100 ms  DeleteObjects: 1.583700 ms)

========================================================================
Received Import Request.
  Time since last request: 43.718283 seconds.
  path: Assets/Scripts/UI/UIManager.cs
  artifactKey: Guid(9fc1bc32701643244a2022442916f352) Importer(815301076,1909f56bfc062723c751e8b465ee728b)
Start importing Assets/Scripts/UI/UIManager.cs using Guid(9fc1bc32701643244a2022442916f352) Importer(815301076,1909f56bfc062723c751e8b465ee728b)  -> (artifact id: '29ec9b3ab899a4cabd71fc925df626e1') in 0.018267 seconds
  Import took 0.086678 seconds .

========================================================================
Received Prepare
Registering precompiled user dll's ...
Registered in 0.003091 seconds.
Begin MonoManager ReloadAssembly
Native extension for LinuxStandalone target not found
Native extension for WindowsStandalone target not found
Native extension for WebGL target not found
Refreshing native plugins compatible for Editor in 0.51 ms, found 2 plugins.
Preloading 0 native plugins for Editor in 0.00 ms.
Mono: successfully reloaded assembly
- Completed reload, in  1.152 seconds
Platform modules already initialized, skipping
Shader 'Universal Render Pipeline/Particles/Lit': fallback shader 'Universal Render Pipeline/Particles/SimpleLit' not found
Shader 'Universal Render Pipeline/Particles/Lit': fallback shader 'Universal Render Pipeline/Particles/SimpleLit' not found
Refreshing native plugins compatible for Editor in 0.54 ms, found 2 plugins.
Preloading 0 native plugins for Editor in 0.00 ms.
Unloading 2808 Unused Serialized files (Serialized files now loaded: 0)
System memory in use before: 125.4 MB.
System memory in use after: 122.6 MB.

Unloading 50 unused Assets to reduce memory usage. Loaded Objects now: 3304.
Total: 4.187100 ms (FindLiveObjects: 0.269100 ms CreateObjectMapping: 0.132200 ms MarkObjects: 2.241800 ms  DeleteObjects: 1.542800 ms)

========================================================================
Received Prepare
Registering precompiled user dll's ...
Registered in 0.988835 seconds.
Begin MonoManager ReloadAssembly
Native extension for LinuxStandalone target not found
Native extension for WindowsStandalone target not found
Native extension for WebGL target not found
Refreshing native plugins compatible for Editor in 0.52 ms, found 2 plugins.
Preloading 0 native plugins for Editor in 0.00 ms.
Mono: successfully reloaded assembly
- Completed reload, in  1.364 seconds
Platform modules already initialized, skipping
Shader 'Universal Render Pipeline/Particles/Lit': fallback shader 'Universal Render Pipeline/Particles/SimpleLit' not found
Shader 'Universal Render Pipeline/Particles/Lit': fallback shader 'Universal Render Pipeline/Particles/SimpleLit' not found
Refreshing native plugins compatible for Editor in 0.60 ms, found 2 plugins.
Preloading 0 native plugins for Editor in 0.00 ms.
Unloading 2808 Unused Serialized files (Serialized files now loaded: 0)
System memory in use before: 125.4 MB.
System memory in use after: 122.6 MB.

Unloading 50 unused Assets to reduce memory usage. Loaded Objects now: 3307.
Total: 6.084000 ms (FindLiveObjects: 1.865800 ms CreateObjectMapping: 0.220900 ms MarkObjects: 2.297800 ms  DeleteObjects: 1.671000 ms)

========================================================================
Received Import Request.
  Time since last request: 1834.464465 seconds.
  path: Assets/Scripts/UI/UIManager.cs
  artifactKey: Guid(9fc1bc32701643244a2022442916f352) Importer(815301076,1909f56bfc062723c751e8b465ee728b)
Start importing Assets/Scripts/UI/UIManager.cs using Guid(9fc1bc32701643244a2022442916f352) Importer(815301076,1909f56bfc062723c751e8b465ee728b)  -> (artifact id: 'e0931acee146f12a74eb1a6e4386d6b0') in 0.006071 seconds
  Import took 0.043782 seconds .

========================================================================
Received Prepare
Registering precompiled user dll's ...
Registered in 0.003930 seconds.
Begin MonoManager ReloadAssembly
Native extension for LinuxStandalone target not found
Native extension for WindowsStandalone target not found
Native extension for WebGL target not found
Refreshing native plugins compatible for Editor in 0.50 ms, found 2 plugins.
Preloading 0 native plugins for Editor in 0.00 ms.
Mono: successfully reloaded assembly
- Completed reload, in  1.154 seconds
Platform modules already initialized, skipping
Shader 'Universal Render Pipeline/Particles/Lit': fallback shader 'Universal Render Pipeline/Particles/SimpleLit' not found
Shader 'Universal Render Pipeline/Particles/Lit': fallback shader 'Universal Render Pipeline/Particles/SimpleLit' not found
Refreshing native plugins compatible for Editor in 0.60 ms, found 2 plugins.
Preloading 0 native plugins for Editor in 0.00 ms.
Unloading 2808 Unused Serialized files (Serialized files now loaded: 0)
System memory in use before: 125.4 MB.
System memory in use after: 122.7 MB.

Unloading 50 unused Assets to reduce memory usage. Loaded Objects now: 3310.
Total: 4.729300 ms (FindLiveObjects: 0.504700 ms CreateObjectMapping: 0.167900 ms MarkObjects: 2.311900 ms  DeleteObjects: 1.743700 ms)

========================================================================
Received Import Request.
  Time since last request: 244.766585 seconds.
  path: Assets/Scripts/UI/UIManager.cs
  artifactKey: Guid(9fc1bc32701643244a2022442916f352) Importer(815301076,1909f56bfc062723c751e8b465ee728b)
Start importing Assets/Scripts/UI/UIManager.cs using Guid(9fc1bc32701643244a2022442916f352) Importer(815301076,1909f56bfc062723c751e8b465ee728b)  -> (artifact id: '8781a8605d8746bba7c214b9296a280d') in 0.005637 seconds
  Import took 0.050902 seconds .

========================================================================
Received Prepare
Registering precompiled user dll's ...
Registered in 0.003595 seconds.
Begin MonoManager ReloadAssembly
Native extension for LinuxStandalone target not found
Native extension for WindowsStandalone target not found
Native extension for WebGL target not found
Refreshing native plugins compatible for Editor in 0.66 ms, found 2 plugins.
Preloading 0 native plugins for Editor in 0.00 ms.
Mono: successfully reloaded assembly
- Completed reload, in  1.231 seconds
Platform modules already initialized, skipping
Shader 'Universal Render Pipeline/Particles/Lit': fallback shader 'Universal Render Pipeline/Particles/SimpleLit' not found
Shader 'Universal Render Pipeline/Particles/Lit': fallback shader 'Universal Render Pipeline/Particles/SimpleLit' not found
Refreshing native plugins compatible for Editor in 0.56 ms, found 2 plugins.
Preloading 0 native plugins for Editor in 0.00 ms.
Unloading 2808 Unused Serialized files (Serialized files now loaded: 0)
System memory in use before: 125.4 MB.
System memory in use after: 122.7 MB.

Unloading 50 unused Assets to reduce memory usage. Loaded Objects now: 3313.
Total: 5.414300 ms (FindLiveObjects: 0.358700 ms CreateObjectMapping: 0.271100 ms MarkObjects: 2.937500 ms  DeleteObjects: 1.845800 ms)

========================================================================
Received Import Request.
  Time since last request: 711.701188 seconds.
  path: Assets/Scripts/UI/UIManager.cs
  artifactKey: Guid(9fc1bc32701643244a2022442916f352) Importer(815301076,1909f56bfc062723c751e8b465ee728b)
Start importing Assets/Scripts/UI/UIManager.cs using Guid(9fc1bc32701643244a2022442916f352) Importer(815301076,1909f56bfc062723c751e8b465ee728b)  -> (artifact id: '81224944640a1fd3aaf107fda8d2e7fa') in 0.006262 seconds
  Import took 0.012190 seconds .

========================================================================
Received Import Request.
  Time since last request: 18.550159 seconds.
  path: Assets/Scripts/UI/InformationHolder.cs
  artifactKey: Guid(e778a30dbb2c43948afc45096c17ba5b) Importer(815301076,1909f56bfc062723c751e8b465ee728b)
Start importing Assets/Scripts/UI/InformationHolder.cs using Guid(e778a30dbb2c43948afc45096c17ba5b) Importer(815301076,1909f56bfc062723c751e8b465ee728b)  -> (artifact id: 'ef41d1928e985c08907bf05ea6b4ae55') in 0.087130 seconds
  Import took 0.122543 seconds .

========================================================================
Received Prepare
Registering precompiled user dll's ...
Registered in 0.005150 seconds.
Begin MonoManager ReloadAssembly
Native extension for LinuxStandalone target not found
Native extension for WindowsStandalone target not found
Native extension for WebGL target not found
Refreshing native plugins compatible for Editor in 0.53 ms, found 2 plugins.
Preloading 0 native plugins for Editor in 0.00 ms.
Mono: successfully reloaded assembly
- Completed reload, in  1.260 seconds
Platform modules already initialized, skipping
Shader 'Universal Render Pipeline/Particles/Lit': fallback shader 'Universal Render Pipeline/Particles/SimpleLit' not found
Shader 'Universal Render Pipeline/Particles/Lit': fallback shader 'Universal Render Pipeline/Particles/SimpleLit' not found
Refreshing native plugins compatible for Editor in 0.57 ms, found 2 plugins.
Preloading 0 native plugins for Editor in 0.00 ms.
Unloading 2809 Unused Serialized files (Serialized files now loaded: 0)
System memory in use before: 125.4 MB.
System memory in use after: 122.7 MB.

Unloading 50 unused Assets to reduce memory usage. Loaded Objects now: 3317.
Total: 4.518100 ms (FindLiveObjects: 0.286300 ms CreateObjectMapping: 0.138400 ms MarkObjects: 2.399100 ms  DeleteObjects: 1.692700 ms)

========================================================================
Received Import Request.
  Time since last request: 26.868456 seconds.
  path: Assets/Scripts/UI/UIManager_InitialScene.cs
  artifactKey: Guid(24091a0556985e44c876c99079abfc58) Importer(815301076,1909f56bfc062723c751e8b465ee728b)
Start importing Assets/Scripts/UI/UIManager_InitialScene.cs using Guid(24091a0556985e44c876c99079abfc58) Importer(815301076,1909f56bfc062723c751e8b465ee728b)  -> (artifact id: '15d421f3b13446510da953544adcbd83') in 0.015560 seconds
  Import took 0.073259 seconds .

========================================================================
Received Prepare
Registering precompiled user dll's ...
Registered in 0.003650 seconds.
Begin MonoManager ReloadAssembly
Native extension for LinuxStandalone target not found
Native extension for WindowsStandalone target not found
Native extension for WebGL target not found
Refreshing native plugins compatible for Editor in 0.56 ms, found 2 plugins.
Preloading 0 native plugins for Editor in 0.00 ms.
Mono: successfully reloaded assembly
- Completed reload, in  1.225 seconds
Platform modules already initialized, skipping
Shader 'Universal Render Pipeline/Particles/Lit': fallback shader 'Universal Render Pipeline/Particles/SimpleLit' not found
Shader 'Universal Render Pipeline/Particles/Lit': fallback shader 'Universal Render Pipeline/Particles/SimpleLit' not found
Refreshing native plugins compatible for Editor in 0.55 ms, found 2 plugins.
Preloading 0 native plugins for Editor in 0.00 ms.
Unloading 2810 Unused Serialized files (Serialized files now loaded: 0)
System memory in use before: 125.5 MB.
System memory in use after: 122.7 MB.

Unloading 50 unused Assets to reduce memory usage. Loaded Objects now: 3321.
Total: 4.194400 ms (FindLiveObjects: 0.298400 ms CreateObjectMapping: 0.135000 ms MarkObjects: 2.249600 ms  DeleteObjects: 1.509800 ms)

========================================================================
Received Prepare
Registering precompiled user dll's ...
Registered in 0.003561 seconds.
Begin MonoManager ReloadAssembly
Native extension for LinuxStandalone target not found
Native extension for WindowsStandalone target not found
Native extension for WebGL target not found
Refreshing native plugins compatible for Editor in 0.51 ms, found 2 plugins.
Preloading 0 native plugins for Editor in 0.00 ms.
Mono: successfully reloaded assembly
- Completed reload, in  1.098 seconds
Platform modules already initialized, skipping
Shader 'Universal Render Pipeline/Particles/Lit': fallback shader 'Universal Render Pipeline/Particles/SimpleLit' not found
Shader 'Universal Render Pipeline/Particles/Lit': fallback shader 'Universal Render Pipeline/Particles/SimpleLit' not found
Refreshing native plugins compatible for Editor in 0.53 ms, found 2 plugins.
Preloading 0 native plugins for Editor in 0.00 ms.
Unloading 2810 Unused Serialized files (Serialized files now loaded: 0)
System memory in use before: 125.5 MB.
System memory in use after: 122.7 MB.

Unloading 50 unused Assets to reduce memory usage. Loaded Objects now: 3324.
Total: 3.950000 ms (FindLiveObjects: 0.252500 ms CreateObjectMapping: 0.124000 ms MarkObjects: 1.996400 ms  DeleteObjects: 1.576200 ms)

========================================================================
Received Import Request.
  Time since last request: 103.424606 seconds.
  path: Assets/Scripts/UI/UIManager_InitialScene.cs
  artifactKey: Guid(24091a0556985e44c876c99079abfc58) Importer(815301076,1909f56bfc062723c751e8b465ee728b)
Start importing Assets/Scripts/UI/UIManager_InitialScene.cs using Guid(24091a0556985e44c876c99079abfc58) Importer(815301076,1909f56bfc062723c751e8b465ee728b)  -> (artifact id: '6be0970bc4647696285937e4fa3a45e5') in 0.005626 seconds
  Import took 0.050968 seconds .

========================================================================
Received Prepare
Registering precompiled user dll's ...
Registered in 0.003276 seconds.
Begin MonoManager ReloadAssembly
Native extension for LinuxStandalone target not found
Native extension for WindowsStandalone target not found
Native extension for WebGL target not found
Refreshing native plugins compatible for Editor in 0.76 ms, found 2 plugins.
Preloading 0 native plugins for Editor in 0.00 ms.
Mono: successfully reloaded assembly
- Completed reload, in  1.271 seconds
Platform modules already initialized, skipping
Shader 'Universal Render Pipeline/Particles/Lit': fallback shader 'Universal Render Pipeline/Particles/SimpleLit' not found
Shader 'Universal Render Pipeline/Particles/Lit': fallback shader 'Universal Render Pipeline/Particles/SimpleLit' not found
Refreshing native plugins compatible for Editor in 0.54 ms, found 2 plugins.
Preloading 0 native plugins for Editor in 0.00 ms.
Unloading 2810 Unused Serialized files (Serialized files now loaded: 0)
System memory in use before: 125.5 MB.
System memory in use after: 122.7 MB.

Unloading 50 unused Assets to reduce memory usage. Loaded Objects now: 3327.
Total: 4.679700 ms (FindLiveObjects: 0.277000 ms CreateObjectMapping: 0.110900 ms MarkObjects: 2.531800 ms  DeleteObjects: 1.759100 ms)

========================================================================
Received Import Request.
  Time since last request: 233.872481 seconds.
  path: Assets/Scripts/UI/UIManager_InitialScene.cs
  artifactKey: Guid(24091a0556985e44c876c99079abfc58) Importer(815301076,1909f56bfc062723c751e8b465ee728b)
Start importing Assets/Scripts/UI/UIManager_InitialScene.cs using Guid(24091a0556985e44c876c99079abfc58) Importer(815301076,1909f56bfc062723c751e8b465ee728b)  -> (artifact id: 'c042433f33ac47f0e47cdb7d7281a4cc') in 0.005884 seconds
  Import took 0.075893 seconds .

========================================================================
Received Prepare
Registering precompiled user dll's ...
Registered in 0.003768 seconds.
Begin MonoManager ReloadAssembly
Native extension for LinuxStandalone target not found
Native extension for WindowsStandalone target not found
Native extension for WebGL target not found
Refreshing native plugins compatible for Editor in 0.80 ms, found 2 plugins.
Preloading 0 native plugins for Editor in 0.00 ms.
Mono: successfully reloaded assembly
- Completed reload, in  1.182 seconds
Platform modules already initialized, skipping
Shader 'Universal Render Pipeline/Particles/Lit': fallback shader 'Universal Render Pipeline/Particles/SimpleLit' not found
Shader 'Universal Render Pipeline/Particles/Lit': fallback shader 'Universal Render Pipeline/Particles/SimpleLit' not found
Refreshing native plugins compatible for Editor in 0.55 ms, found 2 plugins.
Preloading 0 native plugins for Editor in 0.00 ms.
Unloading 2810 Unused Serialized files (Serialized files now loaded: 0)
System memory in use before: 125.5 MB.
System memory in use after: 122.8 MB.

Unloading 50 unused Assets to reduce memory usage. Loaded Objects now: 3330.
Total: 4.391500 ms (FindLiveObjects: 0.322400 ms CreateObjectMapping: 0.102400 ms MarkObjects: 2.403000 ms  DeleteObjects: 1.562600 ms)

========================================================================
Received Import Request.
  Time since last request: 42.008166 seconds.
  path: Assets/Scripts/UI/InformationHolder.cs
  artifactKey: Guid(e778a30dbb2c43948afc45096c17ba5b) Importer(815301076,1909f56bfc062723c751e8b465ee728b)
Start importing Assets/Scripts/UI/InformationHolder.cs using Guid(e778a30dbb2c43948afc45096c17ba5b) Importer(815301076,1909f56bfc062723c751e8b465ee728b)  -> (artifact id: 'ee8e8fd03c9ee620f26fd257599d9b8b') in 0.005507 seconds
  Import took 0.010022 seconds .

========================================================================
Received Prepare
Registering precompiled user dll's ...
Registered in 0.003586 seconds.
Begin MonoManager ReloadAssembly
Native extension for LinuxStandalone target not found
Native extension for WindowsStandalone target not found
Native extension for WebGL target not found
Refreshing native plugins compatible for Editor in 0.58 ms, found 2 plugins.
Preloading 0 native plugins for Editor in 0.00 ms.
Mono: successfully reloaded assembly
- Completed reload, in  1.164 seconds
Platform modules already initialized, skipping
Shader 'Universal Render Pipeline/Particles/Lit': fallback shader 'Universal Render Pipeline/Particles/SimpleLit' not found
Shader 'Universal Render Pipeline/Particles/Lit': fallback shader 'Universal Render Pipeline/Particles/SimpleLit' not found
Refreshing native plugins compatible for Editor in 0.73 ms, found 2 plugins.
Preloading 0 native plugins for Editor in 0.00 ms.
Unloading 2810 Unused Serialized files (Serialized files now loaded: 0)
System memory in use before: 125.5 MB.
System memory in use after: 122.8 MB.

Unloading 50 unused Assets to reduce memory usage. Loaded Objects now: 3333.
Total: 4.555200 ms (FindLiveObjects: 0.422800 ms CreateObjectMapping: 0.121500 ms MarkObjects: 2.335500 ms  DeleteObjects: 1.674000 ms)

========================================================================
Received Import Request.
  Time since last request: 1134.462030 seconds.
  path: Assets/Scripts/UI/InformationHolder.cs
  artifactKey: Guid(e778a30dbb2c43948afc45096c17ba5b) Importer(815301076,1909f56bfc062723c751e8b465ee728b)
Start importing Assets/Scripts/UI/InformationHolder.cs using Guid(e778a30dbb2c43948afc45096c17ba5b) Importer(815301076,1909f56bfc062723c751e8b465ee728b)  -> (artifact id: 'ba23a3182a0d9e6ee88a5f2631e6cf1b') in 0.008260 seconds
  Import took 0.043756 seconds .

========================================================================
Received Import Request.
  Time since last request: 24.873390 seconds.
  path: Assets/Scripts/UI/Validations.cs
  artifactKey: Guid(038f6da0a79f813479e81033c64013de) Importer(815301076,1909f56bfc062723c751e8b465ee728b)
Start importing Assets/Scripts/UI/Validations.cs using Guid(038f6da0a79f813479e81033c64013de) Importer(815301076,1909f56bfc062723c751e8b465ee728b)  -> (artifact id: '6524e0996f70be12895cfebc86be9672') in 0.036757 seconds
  Import took 0.091900 seconds .

========================================================================
Received Import Request.
  Time since last request: 317.460337 seconds.
  path: Assets/Scripts/UI/Validations.cs
  artifactKey: Guid(038f6da0a79f813479e81033c64013de) Importer(815301076,1909f56bfc062723c751e8b465ee728b)
Start importing Assets/Scripts/UI/Validations.cs using Guid(038f6da0a79f813479e81033c64013de) Importer(815301076,1909f56bfc062723c751e8b465ee728b)  -> (artifact id: 'e3dbe4c6f198ba9c90bd8e13b7ed395c') in 0.039501 seconds
  Import took 0.159396 seconds .

========================================================================
Received Import Request.
  Time since last request: 402.085408 seconds.
  path: Assets/Scripts/UI/Validations.cs
  artifactKey: Guid(038f6da0a79f813479e81033c64013de) Importer(815301076,1909f56bfc062723c751e8b465ee728b)
Start importing Assets/Scripts/UI/Validations.cs using Guid(038f6da0a79f813479e81033c64013de) Importer(815301076,1909f56bfc062723c751e8b465ee728b)  -> (artifact id: '1f80bc77640ceaed99e72e49b6a38408') in 0.003416 seconds
  Import took 0.073536 seconds .

========================================================================
Received Prepare
Registering precompiled user dll's ...
Registered in 0.529514 seconds.
Begin MonoManager ReloadAssembly
Native extension for LinuxStandalone target not found
Native extension for WindowsStandalone target not found
Native extension for WebGL target not found
Refreshing native plugins compatible for Editor in 0.52 ms, found 2 plugins.
Preloading 0 native plugins for Editor in 0.00 ms.
Mono: successfully reloaded assembly
- Completed reload, in  2.308 seconds
Platform modules already initialized, skipping
Shader 'Universal Render Pipeline/Particles/Lit': fallback shader 'Universal Render Pipeline/Particles/SimpleLit' not found
Shader 'Universal Render Pipeline/Particles/Lit': fallback shader 'Universal Render Pipeline/Particles/SimpleLit' not found
Refreshing native plugins compatible for Editor in 0.62 ms, found 2 plugins.
Preloading 0 native plugins for Editor in 0.00 ms.
Unloading 2811 Unused Serialized files (Serialized files now loaded: 0)
System memory in use before: 125.5 MB.
System memory in use after: 122.8 MB.

Unloading 50 unused Assets to reduce memory usage. Loaded Objects now: 3337.
Total: 9.734600 ms (FindLiveObjects: 0.671500 ms CreateObjectMapping: 0.750000 ms MarkObjects: 6.422000 ms  DeleteObjects: 1.870300 ms)

========================================================================
Received Import Request.
  Time since last request: 2806.453335 seconds.
  path: Assets/Scripts/UI/Validations.cs
  artifactKey: Guid(038f6da0a79f813479e81033c64013de) Importer(815301076,1909f56bfc062723c751e8b465ee728b)
Start importing Assets/Scripts/UI/Validations.cs using Guid(038f6da0a79f813479e81033c64013de) Importer(815301076,1909f56bfc062723c751e8b465ee728b)  -> (artifact id: '53167dfc97f33989215221483bcac0ac') in 0.045278 seconds
  Import took 0.101060 seconds .

========================================================================
Received Prepare
Registering precompiled user dll's ...
Registered in 0.065359 seconds.
Begin MonoManager ReloadAssembly
Native extension for LinuxStandalone target not found
Native extension for WindowsStandalone target not found
Native extension for WebGL target not found
Refreshing native plugins compatible for Editor in 0.51 ms, found 2 plugins.
Preloading 0 native plugins for Editor in 0.00 ms.
Mono: successfully reloaded assembly
- Completed reload, in  1.818 seconds
Platform modules already initialized, skipping
Shader 'Universal Render Pipeline/Particles/Lit': fallback shader 'Universal Render Pipeline/Particles/SimpleLit' not found
Shader 'Universal Render Pipeline/Particles/Lit': fallback shader 'Universal Render Pipeline/Particles/SimpleLit' not found
Refreshing native plugins compatible for Editor in 0.59 ms, found 2 plugins.
Preloading 0 native plugins for Editor in 0.00 ms.
Unloading 2811 Unused Serialized files (Serialized files now loaded: 0)
System memory in use before: 125.5 MB.
System memory in use after: 122.8 MB.

Unloading 50 unused Assets to reduce memory usage. Loaded Objects now: 3340.
Total: 5.408400 ms (FindLiveObjects: 0.318500 ms CreateObjectMapping: 0.177900 ms MarkObjects: 3.223700 ms  DeleteObjects: 1.687000 ms)

========================================================================
Received Prepare
Registering precompiled user dll's ...
Registered in 0.003093 seconds.
Begin MonoManager ReloadAssembly
Native extension for LinuxStandalone target not found
Native extension for WindowsStandalone target not found
Native extension for WebGL target not found
Refreshing native plugins compatible for Editor in 0.52 ms, found 2 plugins.
Preloading 0 native plugins for Editor in 0.00 ms.
Mono: successfully reloaded assembly
- Completed reload, in  1.405 seconds
Platform modules already initialized, skipping
Shader 'Universal Render Pipeline/Particles/Lit': fallback shader 'Universal Render Pipeline/Particles/SimpleLit' not found
Shader 'Universal Render Pipeline/Particles/Lit': fallback shader 'Universal Render Pipeline/Particles/SimpleLit' not found
Refreshing native plugins compatible for Editor in 0.75 ms, found 2 plugins.
Preloading 0 native plugins for Editor in 0.00 ms.
Unloading 2811 Unused Serialized files (Serialized files now loaded: 0)
System memory in use before: 125.6 MB.
System memory in use after: 122.8 MB.

Unloading 50 unused Assets to reduce memory usage. Loaded Objects now: 3343.
Total: 6.001000 ms (FindLiveObjects: 0.385900 ms CreateObjectMapping: 0.136400 ms MarkObjects: 3.193100 ms  DeleteObjects: 2.283800 ms)

========================================================================
Received Prepare
Registering precompiled user dll's ...
Registered in 0.003906 seconds.
Begin MonoManager ReloadAssembly
Native extension for LinuxStandalone target not found
Native extension for WindowsStandalone target not found
Native extension for WebGL target not found
Refreshing native plugins compatible for Editor in 0.54 ms, found 2 plugins.
Preloading 0 native plugins for Editor in 0.00 ms.
Mono: successfully reloaded assembly
- Completed reload, in  1.304 seconds
Platform modules already initialized, skipping
Shader 'Universal Render Pipeline/Particles/Lit': fallback shader 'Universal Render Pipeline/Particles/SimpleLit' not found
Shader 'Universal Render Pipeline/Particles/Lit': fallback shader 'Universal Render Pipeline/Particles/SimpleLit' not found
Refreshing native plugins compatible for Editor in 0.53 ms, found 2 plugins.
Preloading 0 native plugins for Editor in 0.00 ms.
Unloading 2811 Unused Serialized files (Serialized files now loaded: 0)
System memory in use before: 125.5 MB.
System memory in use after: 122.8 MB.

Unloading 50 unused Assets to reduce memory usage. Loaded Objects now: 3346.
Total: 8.064800 ms (FindLiveObjects: 0.689900 ms CreateObjectMapping: 0.340700 ms MarkObjects: 2.946800 ms  DeleteObjects: 4.085700 ms)

========================================================================
Received Prepare
Registering precompiled user dll's ...
Registered in 0.004246 seconds.
Begin MonoManager ReloadAssembly
Native extension for LinuxStandalone target not found
Native extension for WindowsStandalone target not found
Native extension for WebGL target not found
Refreshing native plugins compatible for Editor in 0.65 ms, found 2 plugins.
Preloading 0 native plugins for Editor in 0.00 ms.
Mono: successfully reloaded assembly
- Completed reload, in  1.312 seconds
Platform modules already initialized, skipping
Shader 'Universal Render Pipeline/Particles/Lit': fallback shader 'Universal Render Pipeline/Particles/SimpleLit' not found
Shader 'Universal Render Pipeline/Particles/Lit': fallback shader 'Universal Render Pipeline/Particles/SimpleLit' not found
Refreshing native plugins compatible for Editor in 0.55 ms, found 2 plugins.
Preloading 0 native plugins for Editor in 0.00 ms.
Unloading 2811 Unused Serialized files (Serialized files now loaded: 0)
System memory in use before: 125.5 MB.
System memory in use after: 122.8 MB.

Unloading 50 unused Assets to reduce memory usage. Loaded Objects now: 3349.
Total: 4.411900 ms (FindLiveObjects: 0.311800 ms CreateObjectMapping: 0.131800 ms MarkObjects: 2.402100 ms  DeleteObjects: 1.565300 ms)

========================================================================
Received Prepare
Registering precompiled user dll's ...
Registered in 0.004269 seconds.
Begin MonoManager ReloadAssembly
Native extension for LinuxStandalone target not found
Native extension for WindowsStandalone target not found
Native extension for WebGL target not found
Refreshing native plugins compatible for Editor in 0.52 ms, found 2 plugins.
Preloading 0 native plugins for Editor in 0.00 ms.
Mono: successfully reloaded assembly
- Completed reload, in  1.282 seconds
Platform modules already initialized, skipping
Shader 'Universal Render Pipeline/Particles/Lit': fallback shader 'Universal Render Pipeline/Particles/SimpleLit' not found
Shader 'Universal Render Pipeline/Particles/Lit': fallback shader 'Universal Render Pipeline/Particles/SimpleLit' not found
Refreshing native plugins compatible for Editor in 0.56 ms, found 2 plugins.
Preloading 0 native plugins for Editor in 0.00 ms.
Unloading 2811 Unused Serialized files (Serialized files now loaded: 0)
System memory in use before: 125.5 MB.
System memory in use after: 122.8 MB.

Unloading 50 unused Assets to reduce memory usage. Loaded Objects now: 3352.
Total: 4.451100 ms (FindLiveObjects: 0.292900 ms CreateObjectMapping: 0.109000 ms MarkObjects: 2.372000 ms  DeleteObjects: 1.676000 ms)

========================================================================
Received Prepare
Registering precompiled user dll's ...
Registered in 0.003618 seconds.
Begin MonoManager ReloadAssembly
Native extension for LinuxStandalone target not found
Native extension for WindowsStandalone target not found
Native extension for WebGL target not found
Refreshing native plugins compatible for Editor in 0.68 ms, found 2 plugins.
Preloading 0 native plugins for Editor in 0.00 ms.
Mono: successfully reloaded assembly
- Completed reload, in  1.208 seconds
Platform modules already initialized, skipping
Shader 'Universal Render Pipeline/Particles/Lit': fallback shader 'Universal Render Pipeline/Particles/SimpleLit' not found
Shader 'Universal Render Pipeline/Particles/Lit': fallback shader 'Universal Render Pipeline/Particles/SimpleLit' not found
Refreshing native plugins compatible for Editor in 0.51 ms, found 2 plugins.
Preloading 0 native plugins for Editor in 0.00 ms.
Unloading 2811 Unused Serialized files (Serialized files now loaded: 0)
System memory in use before: 125.5 MB.
System memory in use after: 122.8 MB.

Unloading 50 unused Assets to reduce memory usage. Loaded Objects now: 3355.
Total: 4.405600 ms (FindLiveObjects: 0.292800 ms CreateObjectMapping: 0.124300 ms MarkObjects: 2.324700 ms  DeleteObjects: 1.662900 ms)

========================================================================
Received Prepare
Registering precompiled user dll's ...
Registered in 0.004256 seconds.
Begin MonoManager ReloadAssembly
Native extension for LinuxStandalone target not found
Native extension for WindowsStandalone target not found
Native extension for WebGL target not found
Refreshing native plugins compatible for Editor in 0.55 ms, found 2 plugins.
Preloading 0 native plugins for Editor in 0.00 ms.
Mono: successfully reloaded assembly
- Completed reload, in  1.192 seconds
Platform modules already initialized, skipping
Shader 'Universal Render Pipeline/Particles/Lit': fallback shader 'Universal Render Pipeline/Particles/SimpleLit' not found
Shader 'Universal Render Pipeline/Particles/Lit': fallback shader 'Universal Render Pipeline/Particles/SimpleLit' not found
Refreshing native plugins compatible for Editor in 0.62 ms, found 2 plugins.
Preloading 0 native plugins for Editor in 0.00 ms.
Unloading 2811 Unused Serialized files (Serialized files now loaded: 0)
System memory in use before: 125.6 MB.
System memory in use after: 122.8 MB.

Unloading 50 unused Assets to reduce memory usage. Loaded Objects now: 3358.
Total: 4.799500 ms (FindLiveObjects: 0.290400 ms CreateObjectMapping: 0.197600 ms MarkObjects: 2.524500 ms  DeleteObjects: 1.785800 ms)

========================================================================
Received Prepare
Registering precompiled user dll's ...
Registered in 0.003854 seconds.
Begin MonoManager ReloadAssembly
Native extension for LinuxStandalone target not found
Native extension for WindowsStandalone target not found
Native extension for WebGL target not found
Refreshing native plugins compatible for Editor in 0.51 ms, found 2 plugins.
Preloading 0 native plugins for Editor in 0.00 ms.
Mono: successfully reloaded assembly
- Completed reload, in  1.318 seconds
Platform modules already initialized, skipping
Shader 'Universal Render Pipeline/Particles/Lit': fallback shader 'Universal Render Pipeline/Particles/SimpleLit' not found
Shader 'Universal Render Pipeline/Particles/Lit': fallback shader 'Universal Render Pipeline/Particles/SimpleLit' not found
Refreshing native plugins compatible for Editor in 0.62 ms, found 2 plugins.
Preloading 0 native plugins for Editor in 0.00 ms.
Unloading 2811 Unused Serialized files (Serialized files now loaded: 0)
System memory in use before: 125.6 MB.
System memory in use after: 122.8 MB.

Unloading 50 unused Assets to reduce memory usage. Loaded Objects now: 3361.
Total: 7.335300 ms (FindLiveObjects: 0.412600 ms CreateObjectMapping: 0.316500 ms MarkObjects: 4.454100 ms  DeleteObjects: 2.150500 ms)

========================================================================
Received Prepare
Registering precompiled user dll's ...
Registered in 0.005360 seconds.
Begin MonoManager ReloadAssembly
Native extension for LinuxStandalone target not found
Native extension for WindowsStandalone target not found
Native extension for WebGL target not found
Refreshing native plugins compatible for Editor in 1.01 ms, found 2 plugins.
Preloading 0 native plugins for Editor in 0.00 ms.
Mono: successfully reloaded assembly
- Completed reload, in  1.412 seconds
Platform modules already initialized, skipping
Shader 'Universal Render Pipeline/Particles/Lit': fallback shader 'Universal Render Pipeline/Particles/SimpleLit' not found
Shader 'Universal Render Pipeline/Particles/Lit': fallback shader 'Universal Render Pipeline/Particles/SimpleLit' not found
Refreshing native plugins compatible for Editor in 0.64 ms, found 2 plugins.
Preloading 0 native plugins for Editor in 0.00 ms.
Unloading 2811 Unused Serialized files (Serialized files now loaded: 0)
System memory in use before: 125.6 MB.
System memory in use after: 122.8 MB.

Unloading 50 unused Assets to reduce memory usage. Loaded Objects now: 3364.
Total: 4.620400 ms (FindLiveObjects: 0.280500 ms CreateObjectMapping: 0.139200 ms MarkObjects: 2.276600 ms  DeleteObjects: 1.923000 ms)

========================================================================
Received Prepare
Registering precompiled user dll's ...
Registered in 0.003367 seconds.
Begin MonoManager ReloadAssembly
Native extension for LinuxStandalone target not found
Native extension for WindowsStandalone target not found
Native extension for WebGL target not found
Refreshing native plugins compatible for Editor in 0.52 ms, found 2 plugins.
Preloading 0 native plugins for Editor in 0.00 ms.
Mono: successfully reloaded assembly
- Completed reload, in  1.329 seconds
Platform modules already initialized, skipping
Shader 'Universal Render Pipeline/Particles/Lit': fallback shader 'Universal Render Pipeline/Particles/SimpleLit' not found
Shader 'Universal Render Pipeline/Particles/Lit': fallback shader 'Universal Render Pipeline/Particles/SimpleLit' not found
Refreshing native plugins compatible for Editor in 0.58 ms, found 2 plugins.
Preloading 0 native plugins for Editor in 0.00 ms.
Unloading 2811 Unused Serialized files (Serialized files now loaded: 0)
System memory in use before: 125.6 MB.
System memory in use after: 122.9 MB.

Unloading 50 unused Assets to reduce memory usage. Loaded Objects now: 3367.
Total: 4.352600 ms (FindLiveObjects: 0.289400 ms CreateObjectMapping: 0.123500 ms MarkObjects: 2.323900 ms  DeleteObjects: 1.614700 ms)

========================================================================
Received Prepare
Registering precompiled user dll's ...
Registered in 0.003613 seconds.
Begin MonoManager ReloadAssembly
Native extension for LinuxStandalone target not found
Native extension for WindowsStandalone target not found
Native extension for WebGL target not found
Refreshing native plugins compatible for Editor in 0.51 ms, found 2 plugins.
Preloading 0 native plugins for Editor in 0.00 ms.
Mono: successfully reloaded assembly
- Completed reload, in  1.152 seconds
Platform modules already initialized, skipping
Shader 'Universal Render Pipeline/Particles/Lit': fallback shader 'Universal Render Pipeline/Particles/SimpleLit' not found
Shader 'Universal Render Pipeline/Particles/Lit': fallback shader 'Universal Render Pipeline/Particles/SimpleLit' not found
Refreshing native plugins compatible for Editor in 0.62 ms, found 2 plugins.
Preloading 0 native plugins for Editor in 0.00 ms.
Unloading 2811 Unused Serialized files (Serialized files now loaded: 0)
System memory in use before: 125.7 MB.
System memory in use after: 122.9 MB.

Unloading 50 unused Assets to reduce memory usage. Loaded Objects now: 3370.
Total: 4.858300 ms (FindLiveObjects: 0.364600 ms CreateObjectMapping: 0.125700 ms MarkObjects: 2.608200 ms  DeleteObjects: 1.758800 ms)

========================================================================
Received Prepare
Registering precompiled user dll's ...
Registered in 0.003512 seconds.
Begin MonoManager ReloadAssembly
Native extension for LinuxStandalone target not found
Native extension for WindowsStandalone target not found
Native extension for WebGL target not found
Refreshing native plugins compatible for Editor in 0.51 ms, found 2 plugins.
Preloading 0 native plugins for Editor in 0.00 ms.
Mono: successfully reloaded assembly
- Completed reload, in  1.174 seconds
Platform modules already initialized, skipping
Shader 'Universal Render Pipeline/Particles/Lit': fallback shader 'Universal Render Pipeline/Particles/SimpleLit' not found
Shader 'Universal Render Pipeline/Particles/Lit': fallback shader 'Universal Render Pipeline/Particles/SimpleLit' not found
Refreshing native plugins compatible for Editor in 0.64 ms, found 2 plugins.
Preloading 0 native plugins for Editor in 0.00 ms.
Unloading 2811 Unused Serialized files (Serialized files now loaded: 0)
System memory in use before: 125.6 MB.
System memory in use after: 122.9 MB.

Unloading 50 unused Assets to reduce memory usage. Loaded Objects now: 3373.
Total: 5.349000 ms (FindLiveObjects: 0.273400 ms CreateObjectMapping: 0.120900 ms MarkObjects: 2.930500 ms  DeleteObjects: 2.022900 ms)

========================================================================
Received Import Request.
  Time since last request: 6132.706134 seconds.
  path: Assets/Presets/AudioCompressedInMemory.preset
  artifactKey: Guid(2dd802e4d37c65149922028d3e973832) Importer(815301076,1909f56bfc062723c751e8b465ee728b)
Start importing Assets/Presets/AudioCompressedInMemory.preset using Guid(2dd802e4d37c65149922028d3e973832) Importer(815301076,1909f56bfc062723c751e8b465ee728b)  -> (artifact id: 'ac4de02398cfe62c06251b0f50233ebf') in 0.532009 seconds
  Import took 0.579349 seconds .

========================================================================
Received Import Request.
  Time since last request: 0.000333 seconds.
  path: Assets/Presets/AudioStreaming.preset
  artifactKey: Guid(86bcce7f5575b54408aa0f3a7d321039) Importer(815301076,1909f56bfc062723c751e8b465ee728b)
Start importing Assets/Presets/AudioStreaming.preset using Guid(86bcce7f5575b54408aa0f3a7d321039) Importer(815301076,1909f56bfc062723c751e8b465ee728b)  -> (artifact id: '9982fbd60bc57b892b2c54d34a0163c0') in 0.015817 seconds
  Import took 0.048815 seconds .

========================================================================
Received Import Request.
  Time since last request: 0.000354 seconds.
  path: Assets/Presets/NormalTexture.preset
  artifactKey: Guid(14a57cf3b9fa1c74b884aa7e0dcf1faa) Importer(815301076,1909f56bfc062723c751e8b465ee728b)
Start importing Assets/Presets/NormalTexture.preset using Guid(14a57cf3b9fa1c74b884aa7e0dcf1faa) Importer(815301076,1909f56bfc062723c751e8b465ee728b)  -> (artifact id: '9c195482fc53bc4f53f643643f636469') in 0.087690 seconds
  Import took 0.133782 seconds .

========================================================================
Received Import Request.
  Time since last request: 0.000311 seconds.
  path: Assets/Presets/UtilityTexture.preset
  artifactKey: Guid(45f7b2e3c78185248b3adbb14429c2ab) Importer(815301076,1909f56bfc062723c751e8b465ee728b)
Start importing Assets/Presets/UtilityTexture.preset using Guid(45f7b2e3c78185248b3adbb14429c2ab) Importer(815301076,1909f56bfc062723c751e8b465ee728b)  -> (artifact id: 'ab9c1faeeb59b745cafa0ae79c874a42') in 0.060010 seconds
  Import took 0.064755 seconds .

========================================================================
Received Import Request.
  Time since last request: 0.054954 seconds.
  path: Assets/Materials/Skybox_Mat.mat
  artifactKey: Guid(0ffaa0b7117ba8c47a9d05ae701d4b4d) Importer(815301076,1909f56bfc062723c751e8b465ee728b)
Start importing Assets/Materials/Skybox_Mat.mat using Guid(0ffaa0b7117ba8c47a9d05ae701d4b4d) Importer(815301076,1909f56bfc062723c751e8b465ee728b)  -> (artifact id: '4d54ab3375f41efad00566dcae11def2') in 1.651744 seconds
  Import took 1.683925 seconds .

========================================================================
Received Import Request.
  Time since last request: 4482.367543 seconds.
  path: Assets/Scripts/ServerClient
  artifactKey: Guid(6fed41291f380bf44bebee6797137e69) Importer(815301076,1909f56bfc062723c751e8b465ee728b)
Start importing Assets/Scripts/ServerClient using Guid(6fed41291f380bf44bebee6797137e69) Importer(815301076,1909f56bfc062723c751e8b465ee728b)  -> (artifact id: '7df4c95728ec2292a22db49eaf6cd8ad') in 0.039806 seconds
  Import took 0.090574 seconds .

========================================================================
Received Prepare
Registering precompiled user dll's ...
Registered in 0.371151 seconds.
Begin MonoManager ReloadAssembly
Native extension for LinuxStandalone target not found
Native extension for WindowsStandalone target not found
Native extension for WebGL target not found
Refreshing native plugins compatible for Editor in 0.68 ms, found 2 plugins.
Preloading 0 native plugins for Editor in 0.00 ms.
Mono: successfully reloaded assembly
- Completed reload, in  2.287 seconds
Platform modules already initialized, skipping
Shader 'Universal Render Pipeline/Particles/Lit': fallback shader 'Universal Render Pipeline/Particles/SimpleLit' not found
Shader 'Universal Render Pipeline/Particles/Lit': fallback shader 'Universal Render Pipeline/Particles/SimpleLit' not found
Refreshing native plugins compatible for Editor in 0.62 ms, found 2 plugins.
Preloading 0 native plugins for Editor in 0.00 ms.
Unloading 2819 Unused Serialized files (Serialized files now loaded: 0)
System memory in use before: 131.2 MB.
System memory in use after: 128.5 MB.

Unloading 50 unused Assets to reduce memory usage. Loaded Objects now: 3462.
Total: 4.635300 ms (FindLiveObjects: 0.295300 ms CreateObjectMapping: 0.164600 ms MarkObjects: 2.532200 ms  DeleteObjects: 1.642200 ms)

========================================================================
Received Import Request.
  Time since last request: 14627.647439 seconds.
  path: Assets/Scripts/ServerClient/TCPServer.cs
  artifactKey: Guid(bbca87597db7b5044ac8713e5dc32c59) Importer(815301076,1909f56bfc062723c751e8b465ee728b)
Start importing Assets/Scripts/ServerClient/TCPServer.cs using Guid(bbca87597db7b5044ac8713e5dc32c59) Importer(815301076,1909f56bfc062723c751e8b465ee728b)  -> (artifact id: '649d79836b29a59f1b4779e1814c637d') in 0.139496 seconds
  Import took 0.309942 seconds .

========================================================================
Received Prepare
Registering precompiled user dll's ...
Registered in 1.381648 seconds.
Begin MonoManager ReloadAssembly
Native extension for LinuxStandalone target not found
Native extension for WindowsStandalone target not found
Native extension for WebGL target not found
Refreshing native plugins compatible for Editor in 0.53 ms, found 2 plugins.
Preloading 0 native plugins for Editor in 0.00 ms.
Mono: successfully reloaded assembly
- Completed reload, in  2.255 seconds
Platform modules already initialized, skipping
Shader 'Universal Render Pipeline/Particles/Lit': fallback shader 'Universal Render Pipeline/Particles/SimpleLit' not found
Shader 'Universal Render Pipeline/Particles/Lit': fallback shader 'Universal Render Pipeline/Particles/SimpleLit' not found
Refreshing native plugins compatible for Editor in 0.87 ms, found 2 plugins.
Preloading 0 native plugins for Editor in 0.00 ms.
Unloading 2820 Unused Serialized files (Serialized files now loaded: 0)
System memory in use before: 131.2 MB.
System memory in use after: 128.5 MB.

Unloading 50 unused Assets to reduce memory usage. Loaded Objects now: 3466.
Total: 5.094600 ms (FindLiveObjects: 0.405500 ms CreateObjectMapping: 0.196400 ms MarkObjects: 2.668700 ms  DeleteObjects: 1.823000 ms)

========================================================================
Received Prepare
Registering precompiled user dll's ...
Registered in 0.004204 seconds.
Begin MonoManager ReloadAssembly
Native extension for LinuxStandalone target not found
Native extension for WindowsStandalone target not found
Native extension for WebGL target not found
Refreshing native plugins compatible for Editor in 0.55 ms, found 2 plugins.
Preloading 0 native plugins for Editor in 0.00 ms.
Mono: successfully reloaded assembly
- Completed reload, in  1.711 seconds
Platform modules already initialized, skipping
Shader 'Universal Render Pipeline/Particles/Lit': fallback shader 'Universal Render Pipeline/Particles/SimpleLit' not found
Shader 'Universal Render Pipeline/Particles/Lit': fallback shader 'Universal Render Pipeline/Particles/SimpleLit' not found
Refreshing native plugins compatible for Editor in 0.65 ms, found 2 plugins.
Preloading 0 native plugins for Editor in 0.00 ms.
Unloading 2820 Unused Serialized files (Serialized files now loaded: 0)
System memory in use before: 131.3 MB.
System memory in use after: 128.5 MB.

Unloading 50 unused Assets to reduce memory usage. Loaded Objects now: 3469.
Total: 5.466800 ms (FindLiveObjects: 0.560400 ms CreateObjectMapping: 0.142900 ms MarkObjects: 2.951900 ms  DeleteObjects: 1.810600 ms)

========================================================================
Received Import Request.
  Time since last request: 262.759417 seconds.
  path: Assets/Scripts/ServerClient/TCPServer.cs
  artifactKey: Guid(bbca87597db7b5044ac8713e5dc32c59) Importer(815301076,1909f56bfc062723c751e8b465ee728b)
Start importing Assets/Scripts/ServerClient/TCPServer.cs using Guid(bbca87597db7b5044ac8713e5dc32c59) Importer(815301076,1909f56bfc062723c751e8b465ee728b)  -> (artifact id: 'c8228a31be1f95bff682d65baf538110') in 0.010297 seconds
  Import took 0.056173 seconds .

========================================================================
Received Prepare
Registering precompiled user dll's ...
Registered in 0.003712 seconds.
Begin MonoManager ReloadAssembly
Native extension for LinuxStandalone target not found
Native extension for WindowsStandalone target not found
Native extension for WebGL target not found
Refreshing native plugins compatible for Editor in 0.55 ms, found 2 plugins.
Preloading 0 native plugins for Editor in 0.00 ms.
Mono: successfully reloaded assembly
- Completed reload, in  2.092 seconds
Platform modules already initialized, skipping
Shader 'Universal Render Pipeline/Particles/Lit': fallback shader 'Universal Render Pipeline/Particles/SimpleLit' not found
Shader 'Universal Render Pipeline/Particles/Lit': fallback shader 'Universal Render Pipeline/Particles/SimpleLit' not found
Refreshing native plugins compatible for Editor in 1.10 ms, found 2 plugins.
Preloading 0 native plugins for Editor in 0.00 ms.
Unloading 2820 Unused Serialized files (Serialized files now loaded: 0)
System memory in use before: 131.2 MB.
System memory in use after: 128.5 MB.

Unloading 50 unused Assets to reduce memory usage. Loaded Objects now: 3472.
Total: 4.435300 ms (FindLiveObjects: 0.313300 ms CreateObjectMapping: 0.123200 ms MarkObjects: 2.390100 ms  DeleteObjects: 1.607800 ms)

========================================================================
Received Import Request.
  Time since last request: 2352.825428 seconds.
  path: Assets/Scripts/ServerClient/TCPServer.cs
  artifactKey: Guid(bbca87597db7b5044ac8713e5dc32c59) Importer(815301076,1909f56bfc062723c751e8b465ee728b)
Start importing Assets/Scripts/ServerClient/TCPServer.cs using Guid(bbca87597db7b5044ac8713e5dc32c59) Importer(815301076,1909f56bfc062723c751e8b465ee728b)  -> (artifact id: '2e390c7e99cbdb6cdebcc69503025b82') in 0.006663 seconds
  Import took 0.053766 seconds .

AssetImportWorkerClient::OnTransportError - code=2 error=End of file
